Flow report for DE0_base1
Fri Jun 22 12:17:52 2018
Quartus II 64-Bit Version 10.1 Build 153 11/29/2010 SJ Web Edition


---------------------
; Table of Contents ;
---------------------
  1. Legal Notice
  2. Flow Summary
  3. Flow Settings
  4. Flow Non-Default Global Settings
  5. Flow Elapsed Time
  6. Flow OS Summary
  7. Flow Log



----------------
; Legal Notice ;
----------------
Copyright (C) 1991-2010 Altera Corporation
Your use of Altera Corporation's design tools, logic functions 
and other software and tools, and its AMPP partner logic 
functions, and any output files from any of the foregoing 
(including device programming or simulation files), and any 
associated documentation or information are expressly subject 
to the terms and conditions of the Altera Program License 
Subscription Agreement, Altera MegaCore Function License 
Agreement, or other applicable license agreement, including, 
without limitation, that your use is for the sole purpose of 
programming logic devices manufactured by Altera and sold by 
Altera or its authorized distributors.  Please refer to the 
applicable agreement for further details.



+-------------------------------------------------------------------------------+
; Flow Summary                                                                  ;
+------------------------------------+------------------------------------------+
; Flow Status                        ; Successful - Fri Jun 22 12:17:49 2018    ;
; Quartus II 64-Bit Version          ; 10.1 Build 153 11/29/2010 SJ Web Edition ;
; Revision Name                      ; DE0_base1                                ;
; Top-level Entity Name              ; RamAndFlash                              ;
; Family                             ; Cyclone III                              ;
; Device                             ; EP3C16F484C8                             ;
; Timing Models                      ; Final                                    ;
; Total logic elements               ; 5,931 / 15,408 ( 38 % )                  ;
;     Total combinational functions  ; 5,174 / 15,408 ( 34 % )                  ;
;     Dedicated logic registers      ; 3,715 / 15,408 ( 24 % )                  ;
; Total registers                    ; 3855                                     ;
; Total pins                         ; 168 / 347 ( 48 % )                       ;
; Total virtual pins                 ; 0                                        ;
; Total memory bits                  ; 202,752 / 516,096 ( 39 % )               ;
; Embedded Multiplier 9-bit elements ; 4 / 112 ( 4 % )                          ;
; Total PLLs                         ; 1 / 4 ( 25 % )                           ;
+------------------------------------+------------------------------------------+


+-----------------------------------------+
; Flow Settings                           ;
+-------------------+---------------------+
; Option            ; Setting             ;
+-------------------+---------------------+
; Start date & time ; 06/22/2018 12:16:10 ;
; Main task         ; Compilation         ;
; Revision Name     ; DE0_base1           ;
+-------------------+---------------------+


+-----------------------------------------------------------------------------------------------------------------------------------+
; Flow Non-Default Global Settings                                                                                                  ;
+-------------------------------------+--------------------------------------------------+---------------+-------------+------------+
; Assignment Name                     ; Value                                            ; Default Value ; Entity Name ; Section Id ;
+-------------------------------------+--------------------------------------------------+---------------+-------------+------------+
; COMPILER_SIGNATURE_ID               ; 1097645842611.152964097005060                    ; --            ; --          ; --         ;
; MAX_CORE_JUNCTION_TEMP              ; 85                                               ; --            ; --          ; --         ;
; MIN_CORE_JUNCTION_TEMP              ; 0                                                ; --            ; --          ; --         ;
; MISC_FILE                           ; C:/1041555/lab1/DE0_base1.dpf                    ; --            ; --          ; --         ;
; MISC_FILE                           ; C:/Users/pc01/Desktop/lab1_2/DE0_base1.dpf       ; --            ; --          ; --         ;
; MISC_FILE                           ; D:/lab2/DE0_base1.dpf                            ; --            ; --          ; --         ;
; MISC_FILE                           ; C:/Users/pc01/Desktop/lab1_prog/DE0_base1.dpf    ; --            ; --          ; --         ;
; MISC_FILE                           ; D:/lab1_2_prog/DE0_base1.dpf                     ; --            ; --          ; --         ;
; MISC_FILE                           ; D:/lab1/DE0_base1.dpf                            ; --            ; --          ; --         ;
; MISC_FILE                           ; D:/lab1_2_3_4/DE0_base1.dpf                      ; --            ; --          ; --         ;
; MISC_FILE                           ; C:/Users/xbs/Desktop/lab1_2_3/DE0_base1.dpf      ; --            ; --          ; --         ;
; MISC_FILE                           ; D:/lab1_2_3/DE0_base1.dpf                        ; --            ; --          ; --         ;
; MISC_FILE                           ; C:/Users/xbs/Desktop/test/lab1_2_3/DE0_base1.dpf ; --            ; --          ; --         ;
; OUTPUT_IO_TIMING_FAR_END_VMEAS      ; Half Signal Swing                                ; --            ; --          ; --         ;
; OUTPUT_IO_TIMING_FAR_END_VMEAS      ; Half Signal Swing                                ; --            ; --          ; --         ;
; OUTPUT_IO_TIMING_NEAR_END_VMEAS     ; Half Vccio                                       ; --            ; --          ; --         ;
; OUTPUT_IO_TIMING_NEAR_END_VMEAS     ; Half Vccio                                       ; --            ; --          ; --         ;
; PARTITION_COLOR                     ; 16764057                                         ; --            ; RamAndFlash ; Top        ;
; PARTITION_FITTER_PRESERVATION_LEVEL ; PLACEMENT_AND_ROUTING                            ; --            ; RamAndFlash ; Top        ;
; PARTITION_NETLIST_TYPE              ; SOURCE                                           ; --            ; RamAndFlash ; Top        ;
; POWER_BOARD_THERMAL_MODEL           ; None (CONSERVATIVE)                              ; --            ; --          ; --         ;
; POWER_PRESET_COOLING_SOLUTION       ; 23 MM HEAT SINK WITH 200 LFPM AIRFLOW            ; --            ; --          ; --         ;
; SOPC_BUILDER_SIGNATURE_ID           ; 4CCC6A44438A00000164027304A7                     ; --            ; --          ; --         ;
; TOP_LEVEL_ENTITY                    ; RamAndFlash                                      ; DE0_base1     ; --          ; --         ;
+-------------------------------------+--------------------------------------------------+---------------+-------------+------------+


+-------------------------------------------------------------------------------------------------------------------------------+
; Flow Elapsed Time                                                                                                             ;
+---------------------------+--------------+-------------------------+---------------------+------------------------------------+
; Module Name               ; Elapsed Time ; Average Processors Used ; Peak Virtual Memory ; Total CPU Time (on all processors) ;
+---------------------------+--------------+-------------------------+---------------------+------------------------------------+
; Analysis & Synthesis      ; 00:00:50     ; 1.0                     ; 516 MB              ; 00:00:34                           ;
; Fitter                    ; 00:00:37     ; 1.4                     ; 667 MB              ; 00:00:29                           ;
; Assembler                 ; 00:00:15     ; 1.0                     ; 350 MB              ; 00:00:01                           ;
; TimeQuest Timing Analyzer ; 00:00:18     ; 1.0                     ; 492 MB              ; 00:00:09                           ;
; Total                     ; 00:02:00     ; --                      ; --                  ; 00:01:13                           ;
+---------------------------+--------------+-------------------------+---------------------+------------------------------------+


+----------------------------------------------------------------------------------------+
; Flow OS Summary                                                                        ;
+---------------------------+------------------+-----------+------------+----------------+
; Module Name               ; Machine Hostname ; OS Name   ; OS Version ; Processor type ;
+---------------------------+------------------+-----------+------------+----------------+
; Analysis & Synthesis      ; xbs-PC           ; Windows 7 ; 6.1        ; x86_64         ;
; Fitter                    ; xbs-PC           ; Windows 7 ; 6.1        ; x86_64         ;
; Assembler                 ; xbs-PC           ; Windows 7 ; 6.1        ; x86_64         ;
; TimeQuest Timing Analyzer ; xbs-PC           ; Windows 7 ; 6.1        ; x86_64         ;
+---------------------------+------------------+-----------+------------+----------------+


------------
; Flow Log ;
------------
quartus_map --read_settings_files=on --write_settings_files=off DE0_base1 -c DE0_base1
quartus_fit --read_settings_files=off --write_settings_files=off DE0_base1 -c DE0_base1
quartus_asm --read_settings_files=off --write_settings_files=off DE0_base1 -c DE0_base1
quartus_sta DE0_base1 -c DE0_base1



