Assembler report for DE0_base1
Fri Jun 22 12:17:49 2018
Quartus II 64-Bit Version 10.1 Build 153 11/29/2010 SJ Web Edition


---------------------
; Table of Contents ;
---------------------
  1. Legal Notice
  2. Assembler Summary
  3. Assembler Settings
  4. Assembler Encrypted IP Cores Summary
  5. Assembler Generated Files
  6. Assembler Device Options: C:/Users/xbs/Desktop/test/lab1_2_3/DE0_base1.sof
  7. Assembler Device Options: C:/Users/xbs/Desktop/test/lab1_2_3/DE0_base1.pof
  8. Assembler Messages



----------------
; Legal Notice ;
----------------
Copyright (C) 1991-2010 Altera Corporation
Your use of Altera Corporation's design tools, logic functions 
and other software and tools, and its AMPP partner logic 
functions, and any output files from any of the foregoing 
(including device programming or simulation files), and any 
associated documentation or information are expressly subject 
to the terms and conditions of the Altera Program License 
Subscription Agreement, Altera MegaCore Function License 
Agreement, or other applicable license agreement, including, 
without limitation, that your use is for the sole purpose of 
programming logic devices manufactured by Altera and sold by 
Altera or its authorized distributors.  Please refer to the 
applicable agreement for further details.



+---------------------------------------------------------------+
; Assembler Summary                                             ;
+-----------------------+---------------------------------------+
; Assembler Status      ; Successful - Fri Jun 22 12:17:49 2018 ;
; Revision Name         ; DE0_base1                             ;
; Top-level Entity Name ; RamAndFlash                           ;
; Family                ; Cyclone III                           ;
; Device                ; EP3C16F484C8                          ;
+-----------------------+---------------------------------------+


+--------------------------------------------------------------------------------------------------------+
; Assembler Settings                                                                                     ;
+-----------------------------------------------------------------------------+----------+---------------+
; Option                                                                      ; Setting  ; Default Value ;
+-----------------------------------------------------------------------------+----------+---------------+
; Use configuration device                                                    ; On       ; Off           ;
; Configuration device                                                        ; Epcs4    ; Auto          ;
; Use smart compilation                                                       ; Off      ; Off           ;
; Enable parallel Assembler and TimeQuest Timing Analyzer during compilation  ; On       ; On            ;
; Enable compact report table                                                 ; Off      ; Off           ;
; Generate compressed bitstreams                                              ; On       ; On            ;
; Compression mode                                                            ; Off      ; Off           ;
; Clock source for configuration device                                       ; Internal ; Internal      ;
; Clock frequency of the configuration device                                 ; 10 MHZ   ; 10 MHz        ;
; Divide clock frequency by                                                   ; 1        ; 1             ;
; Auto user code                                                              ; Off      ; Off           ;
; Configuration device auto user code                                         ; Off      ; Off           ;
; Generate Tabular Text File (.ttf) For Target Device                         ; Off      ; Off           ;
; Generate Raw Binary File (.rbf) For Target Device                           ; Off      ; Off           ;
; Generate Hexadecimal (Intel-Format) Output File (.hexout) for Target Device ; Off      ; Off           ;
; Hexadecimal Output File start address                                       ; 0        ; 0             ;
; Hexadecimal Output File count direction                                     ; Up       ; Up            ;
; Release clears before tri-states                                            ; Off      ; Off           ;
; Auto-restart configuration after error                                      ; On       ; On            ;
; Enable OCT_DONE                                                             ; Off      ; Off           ;
; Generate Serial Vector Format File (.svf) for Target Device                 ; Off      ; Off           ;
; Generate a JEDEC STAPL Format File (.jam) for Target Device                 ; Off      ; Off           ;
; Generate a compressed Jam STAPL Byte Code 2.0 File (.jbc) for Target Device ; Off      ; Off           ;
; Generate a compressed Jam STAPL Byte Code 2.0 File (.jbc) for Target Device ; On       ; On            ;
+-----------------------------------------------------------------------------+----------+---------------+


+-------------------------------------------------------+
; Assembler Encrypted IP Cores Summary                  ;
+--------+-------------------------------+--------------+
; Vendor ; IP Core Name                  ; License Type ;
+--------+-------------------------------+--------------+
; Altera ; Nios II Processor (6AF7 00A2) ; Licensed     ;
; Altera ; Signal Tap (6AF7 BCE1)        ; Licensed     ;
; Altera ; Signal Tap (6AF7 BCEC)        ; Licensed     ;
+--------+-------------------------------+--------------+


+--------------------------------------------------+
; Assembler Generated Files                        ;
+--------------------------------------------------+
; File Name                                        ;
+--------------------------------------------------+
; C:/Users/xbs/Desktop/test/lab1_2_3/DE0_base1.sof ;
; C:/Users/xbs/Desktop/test/lab1_2_3/DE0_base1.pof ;
+--------------------------------------------------+


+----------------------------------------------------------------------------+
; Assembler Device Options: C:/Users/xbs/Desktop/test/lab1_2_3/DE0_base1.sof ;
+----------------+-----------------------------------------------------------+
; Option         ; Setting                                                   ;
+----------------+-----------------------------------------------------------+
; Device         ; EP3C16F484C8                                              ;
; JTAG usercode  ; 0xFFFFFFFF                                                ;
; Checksum       ; 0x00508A27                                                ;
+----------------+-----------------------------------------------------------+


+----------------------------------------------------------------------------+
; Assembler Device Options: C:/Users/xbs/Desktop/test/lab1_2_3/DE0_base1.pof ;
+--------------------+-------------------------------------------------------+
; Option             ; Setting                                               ;
+--------------------+-------------------------------------------------------+
; Device             ; EPCS4                                                 ;
; JTAG usercode      ; 0x00000000                                            ;
; Checksum           ; 0x0565EBB7                                            ;
; Compression Ratio  ; 2                                                     ;
+--------------------+-------------------------------------------------------+


+--------------------+
; Assembler Messages ;
+--------------------+
Info: *******************************************************************
Info: Running Quartus II 64-Bit Assembler
    Info: Version 10.1 Build 153 11/29/2010 SJ Web Edition
    Info: Processing started: Fri Jun 22 12:17:34 2018
Info: Command: quartus_asm --read_settings_files=off --write_settings_files=off DE0_base1 -c DE0_base1
Info: Writing out detailed assembly data for power analysis
Info: Assembler is generating device programming files
Info: Quartus II 64-Bit Assembler was successful. 0 errors, 0 warnings
    Info: Peak virtual memory: 350 megabytes
    Info: Processing ended: Fri Jun 22 12:17:49 2018
    Info: Elapsed time: 00:00:15
    Info: Total CPU time (on all processors): 00:00:02


